<?xml version="1.0" encoding="UTF-8"?>
<testsuite name="fi.jussi.hangman.rest.HangmanResourceTest" tests="1" skipped="0" failures="0" errors="0" timestamp="2016-06-02T16:17:34" hostname="Jussi-ASUS" time="0.0">
  <properties/>
  <testcase name="test1" classname="fi.jussi.hangman.rest.HangmanResourceTest" time="0.0"/>
  <system-out><![CDATA[]]></system-out>
  <system-err><![CDATA[]]></system-err>
</testsuite>
