<?xml version="1.0" encoding="UTF-8"?>
<testsuite name="fi.jussi.hangman.game.HangmanGameTest" tests="3" skipped="0" failures="0" errors="0" timestamp="2016-06-02T16:17:34" hostname="Jussi-ASUS" time="0.004">
  <properties/>
  <testcase name="testAddIncorrectCharacters" classname="fi.jussi.hangman.game.HangmanGameTest" time="0.003"/>
  <testcase name="testAddCorrectCharacters" classname="fi.jussi.hangman.game.HangmanGameTest" time="0.0"/>
  <testcase name="testInitializeGame" classname="fi.jussi.hangman.game.HangmanGameTest" time="0.0"/>
  <system-out><![CDATA[]]></system-out>
  <system-err><![CDATA[]]></system-err>
</testsuite>
